<?xml version="1.0" encoding="UTF-8"?>
<!-- Generated by org.testng.reporters.JUnitReportReporter -->
<testsuite skipped="0" hostname="DESKTOP-5GPVHOV" name="com.DataDriven.ReadingDataFromExcel" tests="1" failures="0" timestamp="2020-04-12T16:18:39 IST" time="0.847" errors="0">
  <testcase name="mains" time="0.847" classname="com.DataDriven.ReadingDataFromExcel"/>
  <system-out/>
</testsuite> <!-- com.DataDriven.ReadingDataFromExcel -->
